# JRE version: OpenJDK Runtime Environment (8.0_152-b02) (build 1.8.0_152-release-1024-b02)
# Java VM: OpenJDK 64-Bit Server VM (25.152-b02 mixed mode windows-amd64 compressed oops)
Heap:
 PSYoungGen      total 491008K, used 389185K [0x00000000e0000000, 0x00000000ffc80000, 0x0000000100000000)
  eden space 462336K, 82% used [0x00000000e0000000,0x00000000f75103b8,0x00000000fc380000)
  from space 28672K, 25% used [0x00000000fe080000,0x00000000fe780050,0x00000000ffc80000)
  to   space 29184K, 0% used [0x00000000fc380000,0x00000000fc380000,0x00000000fe000000)
 ParOldGen       total 181248K, used 97572K [0x00000000a0000000, 0x00000000ab100000, 0x00000000e0000000)
  object space 181248K, 53% used [0x00000000a0000000,0x00000000a5f49330,0x00000000ab100000)
 Metaspace       used 85705K, capacity 91354K, committed 91608K, reserved 1128448K
  class space    used 10491K, capacity 11542K, committed 11776K, reserved 1048576K
GC Heap History (10 events):
Event: 1917.513 GC heap before
{Heap before GC invocations=53 (full 5):
 PSYoungGen      total 481792K, used 448821K [0x00000000e0000000, 0x0000000100000000, 0x0000000100000000)
  eden space 445952K, 99% used [0x00000000e0000000,0x00000000fb03a9f0,0x00000000fb380000)
  from space 35840K, 17% used [0x00000000fb380000,0x00000000fb992a50,0x00000000fd680000)
  to   space 34816K, 0% used [0x00000000fde00000,0x00000000fde00000,0x0000000100000000)
 ParOldGen       total 181248K, used 96618K [0x00000000a0000000, 0x00000000ab100000, 0x00000000e0000000)
  object space 181248K, 53% used [0x00000000a0000000,0x00000000a5e5aa78,0x00000000ab100000)
 Metaspace       used 84118K, capacity 88538K, committed 90200K, reserved 1128448K
  class space    used 10302K, capacity 11190K, committed 11648K, reserved 1048576K
Event: 1917.524 GC heap after
Heap after GC invocations=53 (full 5):
 PSYoungGen      total 483328K, used 8014K [0x00000000e0000000, 0x00000000ffb00000, 0x0000000100000000)
  eden space 453632K, 0% used [0x00000000e0000000,0x00000000e0000000,0x00000000fbb00000)
  from space 29696K, 26% used [0x00000000fde00000,0x00000000fe5d3a18,0x00000000ffb00000)
  to   space 32768K, 0% used [0x00000000fbb00000,0x00000000fbb00000,0x00000000fdb00000)
 ParOldGen       total 181248K, used 97529K [0x00000000a0000000, 0x00000000ab100000, 0x00000000e0000000)
  object space 181248K, 53% used [0x00000000a0000000,0x00000000a5f3e6e0,0x00000000ab100000)
 Metaspace       used 84118K, capacity 88538K, committed 90200K, reserved 1128448K
  class space    used 10302K, capacity 11190K, committed 11648K, reserved 1048576K
}
Event: 1993.630 GC heap before
{Heap before GC invocations=54 (full 5):
 PSYoungGen      total 483328K, used 461646K [0x00000000e0000000, 0x00000000ffb00000, 0x0000000100000000)
  eden space 453632K, 100% used [0x00000000e0000000,0x00000000fbb00000,0x00000000fbb00000)
  from space 29696K, 26% used [0x00000000fde00000,0x00000000fe5d3a18,0x00000000ffb00000)
  to   space 32768K, 0% used [0x00000000fbb00000,0x00000000fbb00000,0x00000000fdb00000)
 ParOldGen       total 181248K, used 97546K [0x00000000a0000000, 0x00000000ab100000, 0x00000000e0000000)
  object space 181248K, 53% used [0x00000000a0000000,0x00000000a5f42a40,0x00000000ab100000)
 Metaspace       used 84611K, capacity 89362K, committed 90200K, reserved 1128448K
  class space    used 10349K, capacity 11274K, committed 11648K, reserved 1048576K
Event: 1993.670 GC heap after
Heap after GC invocations=54 (full 5):
 PSYoungGen      total 486400K, used 15077K [0x00000000e0000000, 0x0000000100000000, 0x0000000100000000)
  eden space 453632K, 0% used [0x00000000e0000000,0x00000000e0000000,0x00000000fbb00000)
  from space 32768K, 46% used [0x00000000fbb00000,0x00000000fc9b9708,0x00000000fdb00000)
  to   space 32256K, 0% used [0x00000000fe080000,0x00000000fe080000,0x0000000100000000)
 ParOldGen       total 181248K, used 97554K [0x00000000a0000000, 0x00000000ab100000, 0x00000000e0000000)
  object space 181248K, 53% used [0x00000000a0000000,0x00000000a5f44a40,0x00000000ab100000)
 Metaspace       used 84611K, capacity 89362K, committed 90200K, reserved 1128448K
  class space    used 10349K, capacity 11274K, committed 11648K, reserved 1048576K
}
Event: 1995.090 GC heap before
{Heap before GC invocations=55 (full 5):
 PSYoungGen      total 486400K, used 468709K [0x00000000e0000000, 0x0000000100000000, 0x0000000100000000)
  eden space 453632K, 100% used [0x00000000e0000000,0x00000000fbb00000,0x00000000fbb00000)
  from space 32768K, 46% used [0x00000000fbb00000,0x00000000fc9b9708,0x00000000fdb00000)
  to   space 32256K, 0% used [0x00000000fe080000,0x00000000fe080000,0x0000000100000000)
 ParOldGen       total 181248K, used 97556K [0x00000000a0000000, 0x00000000ab100000, 0x00000000e0000000)
  object space 181248K, 53% used [0x00000000a0000000,0x00000000a5f45330,0x00000000ab100000)
 Metaspace       used 84615K, capacity 89362K, committed 90200K, reserved 1128448K
  class space    used 10349K, capacity 11274K, committed 11648K, reserved 1048576K
Event: 1995.105 GC heap after
Heap after GC invocations=55 (full 5):
 PSYoungGen      total 489984K, used 15820K [0x00000000e0000000, 0x00000000ffe80000, 0x0000000100000000)
  eden space 459264K, 0% used [0x00000000e0000000,0x00000000e0000000,0x00000000fc080000)
  from space 30720K, 51% used [0x00000000fe080000,0x00000000feff3278,0x00000000ffe80000)
  to   space 31744K, 0% used [0x00000000fc080000,0x00000000fc080000,0x00000000fdf80000)
 ParOldGen       total 181248K, used 97564K [0x00000000a0000000, 0x00000000ab100000, 0x00000000e0000000)
  object space 181248K, 53% used [0x00000000a0000000,0x00000000a5f47330,0x00000000ab100000)
 Metaspace       used 84615K, capacity 89362K, committed 90200K, reserved 1128448K
  class space    used 10349K, capacity 11274K, committed 11648K, reserved 1048576K
}
Event: 1995.788 GC heap before
{Heap before GC invocations=56 (full 5):
 PSYoungGen      total 489984K, used 474429K [0x00000000e0000000, 0x00000000ffe80000, 0x0000000100000000)
  eden space 459264K, 99% used [0x00000000e0000000,0x00000000fbfdc1f0,0x00000000fc080000)
  from space 30720K, 51% used [0x00000000fe080000,0x00000000feff3278,0x00000000ffe80000)
  to   space 31744K, 0% used [0x00000000fc080000,0x00000000fc080000,0x00000000fdf80000)
 ParOldGen       total 181248K, used 97564K [0x00000000a0000000, 0x00000000ab100000, 0x00000000e0000000)
  object space 181248K, 53% used [0x00000000a0000000,0x00000000a5f47330,0x00000000ab100000)
 Metaspace       used 84633K, capacity 89368K, committed 90200K, reserved 1128448K
  class space    used 10349K, capacity 11275K, committed 11648K, reserved 1048576K
Event: 1995.805 GC heap after
Heap after GC invocations=56 (full 5):
 PSYoungGen      total 491008K, used 13178K [0x00000000e0000000, 0x00000000ffe00000, 0x0000000100000000)
  eden space 459264K, 0% used [0x00000000e0000000,0x00000000e0000000,0x00000000fc080000)
  from space 31744K, 41% used [0x00000000fc080000,0x00000000fcd5e8e8,0x00000000fdf80000)
  to   space 30208K, 0% used [0x00000000fe080000,0x00000000fe080000,0x00000000ffe00000)
 ParOldGen       total 181248K, used 97572K [0x00000000a0000000, 0x00000000ab100000, 0x00000000e0000000)
  object space 181248K, 53% used [0x00000000a0000000,0x00000000a5f49330,0x00000000ab100000)
 Metaspace       used 84633K, capacity 89368K, committed 90200K, reserved 1128448K
  class space    used 10349K, capacity 11275K, committed 11648K, reserved 1048576K
}
Event: 2074.949 GC heap before
{Heap before GC invocations=57 (full 5):
 PSYoungGen      total 491008K, used 471690K [0x00000000e0000000, 0x00000000ffe00000, 0x0000000100000000)
  eden space 459264K, 99% used [0x00000000e0000000,0x00000000fbfc41a0,0x00000000fc080000)
  from space 31744K, 41% used [0x00000000fc080000,0x00000000fcd5e8e8,0x00000000fdf80000)
  to   space 30208K, 0% used [0x00000000fe080000,0x00000000fe080000,0x00000000ffe00000)
 ParOldGen       total 181248K, used 97572K [0x00000000a0000000, 0x00000000ab100000, 0x00000000e0000000)
  object space 181248K, 53% used [0x00000000a0000000,0x00000000a5f49330,0x00000000ab100000)
 Metaspace       used 85299K, capacity 90922K, committed 91352K, reserved 1128448K
  class space    used 10472K, capacity 11502K, committed 11776K, reserved 1048576K
Event: 2074.982 GC heap after
Heap after GC invocations=57 (full 5):
 PSYoungGen      total 491008K, used 7168K [0x00000000e0000000, 0x00000000ffc80000, 0x0000000100000000)
  eden space 462336K, 0% used [0x00000000e0000000,0x00000000e0000000,0x00000000fc380000)
  from space 28672K, 25% used [0x00000000fe080000,0x00000000fe780050,0x00000000ffc80000)
  to   space 29184K, 0% used [0x00000000fc380000,0x00000000fc380000,0x00000000fe000000)
 ParOldGen       total 181248K, used 97572K [0x00000000a0000000, 0x00000000ab100000, 0x00000000e0000000)
  object space 181248K, 53% used [0x00000000a0000000,0x00000000a5f49330,0x00000000ab100000)
 Metaspace       used 85299K, capacity 90922K, committed 91352K, reserved 1128448K
  class space    used 10472K, capacity 11502K, committed 11776K, reserved 1048576K
}

